<?xml version="1.0" encoding="UTF-8"?>
<!-- Generated by org.testng.reporters.JUnitReportReporter -->
<testsuite hostname="LAPTOP-1826LOER" failures="0" tests="1" name="com.ws.base.DriverScript" time="5.433" errors="0" timestamp="2024-03-21T07:37:18 IST" skipped="0">
  <testcase classname="com.ws.base.DriverScript" name="initApplication" time="5.433"/>
</testsuite> <!-- com.ws.base.DriverScript -->
