<?xml version="1.0" encoding="UTF-8"?>
<!-- Generated by org.testng.reporters.JUnitReportReporter -->
<testsuite hostname="LAPTOP-1826LOER" failures="0" tests="2" name="com.ws.testcase.TestPasswordRecoveryPage" time="24.968" errors="0" timestamp="2024-03-29T07:47:56 IST" skipped="0">
  <testcase classname="com.ws.testcase.TestPasswordRecoveryPage" name="testPasswordRecoverPage" time="15.218"/>
  <testcase classname="com.ws.testcase.TestPasswordRecoveryPage" name="testInvalidEmailAddress" time="9.750"/>
</testsuite> <!-- com.ws.testcase.TestPasswordRecoveryPage -->
