<?xml version="1.0" encoding="UTF-8"?>
<!-- Generated by org.testng.reporters.JUnitReportReporter -->
<testsuite hostname="LAPTOP-1826LOER" failures="0" tests="2" name="com.ws.testcase.TestLoginPage" time="21.285" errors="0" timestamp="2024-03-22T07:29:04 IST" skipped="0">
  <testcase classname="com.ws.testcase.TestLoginPage" name="testLoginPageTitle" time="10.173"/>
  <testcase classname="com.ws.testcase.TestLoginPage" name="testLoginFunction" time="11.112"/>
</testsuite> <!-- com.ws.testcase.TestLoginPage -->
